<?xml version="1.0" encoding="UTF-8"?>
<!-- Generated by org.testng.reporters.JUnitXMLReporter -->
<testsuite ignored="0" hostname="LAPTOP-1K0JCF0C" failures="1" tests="1" name="Test1" time="25.491" errors="0" timestamp="29 Apr 2021 12:46:04 GMT">
  <testcase classname="amazonTests.TestValidatetitle" name="amazonVerifytitle" time="0.069">
    <failure type="java.lang.AssertionError" message="expected [Heello] but found [Hello]">
      <![CDATA[java.lang.AssertionError: expected [Heello] but found [Hello]
at amazonTests.TestValidatetitle.amazonVerifytitle(TestValidatetitle.java:40)
at java.base/java.util.concurrent.FutureTask.run(FutureTask.java:264)
at java.base/java.util.concurrent.ThreadPoolExecutor.runWorker(ThreadPoolExecutor.java:1130)
at java.base/java.util.concurrent.ThreadPoolExecutor$Worker.run(ThreadPoolExecutor.java:630)
at java.base/java.lang.Thread.run(Thread.java:832)
... Removed 22 stack frames]]>
    </failure>
  </testcase> <!-- amazonVerifytitle -->
</testsuite> <!-- Test1 -->
